running egg_info
creating ../build/kitti_visualisation/kitti_visualisation.egg-info
writing ../build/kitti_visualisation/kitti_visualisation.egg-info/PKG-INFO
writing dependency_links to ../build/kitti_visualisation/kitti_visualisation.egg-info/dependency_links.txt
writing entry points to ../build/kitti_visualisation/kitti_visualisation.egg-info/entry_points.txt
writing requirements to ../build/kitti_visualisation/kitti_visualisation.egg-info/requires.txt
writing top-level names to ../build/kitti_visualisation/kitti_visualisation.egg-info/top_level.txt
writing manifest file '../build/kitti_visualisation/kitti_visualisation.egg-info/SOURCES.txt'
reading manifest file '../build/kitti_visualisation/kitti_visualisation.egg-info/SOURCES.txt'
writing manifest file '../build/kitti_visualisation/kitti_visualisation.egg-info/SOURCES.txt'
running build
running build_py
creating /home/admin/Project/ROS/Publisher/build/kitti_visualisation/build
creating /home/admin/Project/ROS/Publisher/build/kitti_visualisation/build/lib
creating /home/admin/Project/ROS/Publisher/build/kitti_visualisation/build/lib/kitti_visualisation
copying kitti_visualisation/__init__.py -> /home/admin/Project/ROS/Publisher/build/kitti_visualisation/build/lib/kitti_visualisation
copying kitti_visualisation/kitti_visualisation.py -> /home/admin/Project/ROS/Publisher/build/kitti_visualisation/build/lib/kitti_visualisation
running install
running install_lib
creating /home/admin/Project/ROS/Publisher/install/kitti_visualisation/lib/python3.12/site-packages/kitti_visualisation
copying /home/admin/Project/ROS/Publisher/build/kitti_visualisation/build/lib/kitti_visualisation/__init__.py -> /home/admin/Project/ROS/Publisher/install/kitti_visualisation/lib/python3.12/site-packages/kitti_visualisation
copying /home/admin/Project/ROS/Publisher/build/kitti_visualisation/build/lib/kitti_visualisation/kitti_visualisation.py -> /home/admin/Project/ROS/Publisher/install/kitti_visualisation/lib/python3.12/site-packages/kitti_visualisation
byte-compiling /home/admin/Project/ROS/Publisher/install/kitti_visualisation/lib/python3.12/site-packages/kitti_visualisation/__init__.py to __init__.cpython-312.pyc
byte-compiling /home/admin/Project/ROS/Publisher/install/kitti_visualisation/lib/python3.12/site-packages/kitti_visualisation/kitti_visualisation.py to kitti_visualisation.cpython-312.pyc
running install_data
creating /home/admin/Project/ROS/Publisher/install/kitti_visualisation/share/ament_index
creating /home/admin/Project/ROS/Publisher/install/kitti_visualisation/share/ament_index/resource_index
creating /home/admin/Project/ROS/Publisher/install/kitti_visualisation/share/ament_index/resource_index/packages
copying resource/kitti_visualisation -> /home/admin/Project/ROS/Publisher/install/kitti_visualisation/share/ament_index/resource_index/packages
copying package.xml -> /home/admin/Project/ROS/Publisher/install/kitti_visualisation/share/kitti_visualisation
running install_egg_info
Copying ../build/kitti_visualisation/kitti_visualisation.egg-info to /home/admin/Project/ROS/Publisher/install/kitti_visualisation/lib/python3.12/site-packages/kitti_visualisation-0.0.0-py3.12.egg-info
running install_scripts
Installing kitti_visualisation script to /home/admin/Project/ROS/Publisher/install/kitti_visualisation/lib/kitti_visualisation
writing list of installed files to '/home/admin/Project/ROS/Publisher/build/kitti_visualisation/install.log'
