[0.074s] DEBUG:colcon:Command line arguments: ['/usr/bin/colcon', 'build']
[0.074s] DEBUG:colcon:Parsed command line arguments: Namespace(log_base=None, log_level=None, verb_name='build', build_base='build', install_base='install', merge_install=False, symlink_install=False, test_result_base=None, continue_on_error=False, executor='parallel', parallel_workers=32, event_handlers=None, ignore_user_meta=False, metas=['./colcon.meta'], base_paths=['.'], packages_ignore=None, packages_ignore_regex=None, paths=None, packages_up_to=None, packages_up_to_regex=None, packages_above=None, packages_above_and_dependencies=None, packages_above_depth=None, packages_select_by_dep=None, packages_skip_by_dep=None, packages_skip_up_to=None, packages_select_build_failed=False, packages_skip_build_finished=False, packages_select_test_failures=False, packages_skip_test_passed=False, packages_select=None, packages_skip=None, packages_select_regex=None, packages_skip_regex=None, packages_start=None, packages_end=None, cmake_args=None, cmake_target=None, cmake_target_skip_unavailable=False, cmake_clean_cache=False, cmake_clean_first=False, cmake_force_configure=False, ament_cmake_args=None, catkin_cmake_args=None, catkin_skip_building_tests=False, verb_parser=<colcon_defaults.argument_parser.defaults.DefaultArgumentsDecorator object at 0x75979cb4d7c0>, verb_extension=<colcon_core.verb.build.BuildVerb object at 0x75979cca5a00>, main=<bound method BuildVerb.main of <colcon_core.verb.build.BuildVerb object at 0x75979cca5a00>>)
[0.104s] Level 1:colcon.colcon_core.package_discovery:discover_packages(colcon_meta) check parameters
[0.104s] Level 1:colcon.colcon_core.package_discovery:discover_packages(recursive) check parameters
[0.104s] Level 1:colcon.colcon_core.package_discovery:discover_packages(ignore) check parameters
[0.104s] Level 1:colcon.colcon_core.package_discovery:discover_packages(path) check parameters
[0.104s] Level 1:colcon.colcon_core.package_discovery:discover_packages(colcon_meta) discover
[0.104s] Level 1:colcon.colcon_core.package_discovery:discover_packages(recursive) discover
[0.104s] INFO:colcon.colcon_core.package_discovery:Crawling recursively for packages in '/home/admin/Project/ROS/Publisher'
[0.104s] Level 1:colcon.colcon_core.package_identification:_identify(.) by extensions ['ignore', 'ignore_ament_install']
[0.105s] Level 1:colcon.colcon_core.package_identification:_identify(.) by extension 'ignore'
[0.105s] Level 1:colcon.colcon_core.package_identification:_identify(.) by extension 'ignore_ament_install'
[0.105s] Level 1:colcon.colcon_core.package_identification:_identify(.) by extensions ['colcon_pkg']
[0.105s] Level 1:colcon.colcon_core.package_identification:_identify(.) by extension 'colcon_pkg'
[0.105s] Level 1:colcon.colcon_core.package_identification:_identify(.) by extensions ['colcon_meta']
[0.105s] Level 1:colcon.colcon_core.package_identification:_identify(.) by extension 'colcon_meta'
[0.105s] Level 1:colcon.colcon_core.package_identification:_identify(.) by extensions ['ros']
[0.105s] Level 1:colcon.colcon_core.package_identification:_identify(.) by extension 'ros'
[0.125s] Level 1:colcon.colcon_core.package_identification:_identify(.) by extensions ['cmake', 'python']
[0.125s] Level 1:colcon.colcon_core.package_identification:_identify(.) by extension 'cmake'
[0.125s] Level 1:colcon.colcon_core.package_identification:_identify(.) by extension 'python'
[0.125s] Level 1:colcon.colcon_core.package_identification:_identify(.) by extensions ['python_setup_py']
[0.125s] Level 1:colcon.colcon_core.package_identification:_identify(.) by extension 'python_setup_py'
[0.125s] Level 1:colcon.colcon_core.package_identification:_identify(CarModelPublisher) by extensions ['ignore', 'ignore_ament_install']
[0.125s] Level 1:colcon.colcon_core.package_identification:_identify(CarModelPublisher) by extension 'ignore'
[0.125s] Level 1:colcon.colcon_core.package_identification:_identify(CarModelPublisher) by extension 'ignore_ament_install'
[0.125s] Level 1:colcon.colcon_core.package_identification:_identify(CarModelPublisher) by extensions ['colcon_pkg']
[0.125s] Level 1:colcon.colcon_core.package_identification:_identify(CarModelPublisher) by extension 'colcon_pkg'
[0.125s] Level 1:colcon.colcon_core.package_identification:_identify(CarModelPublisher) by extensions ['colcon_meta']
[0.125s] Level 1:colcon.colcon_core.package_identification:_identify(CarModelPublisher) by extension 'colcon_meta'
[0.125s] Level 1:colcon.colcon_core.package_identification:_identify(CarModelPublisher) by extensions ['ros']
[0.125s] Level 1:colcon.colcon_core.package_identification:_identify(CarModelPublisher) by extension 'ros'
[0.127s] DEBUG:colcon.colcon_core.package_identification:Package 'CarModelPublisher' with type 'ros.ament_python' and name 'CarModelPublisher'
[0.127s] Level 1:colcon.colcon_core.package_identification:_identify(build) by extensions ['ignore', 'ignore_ament_install']
[0.127s] Level 1:colcon.colcon_core.package_identification:_identify(build) by extension 'ignore'
[0.127s] Level 1:colcon.colcon_core.package_identification:_identify(build) ignored
[0.127s] Level 1:colcon.colcon_core.package_identification:_identify(install) by extensions ['ignore', 'ignore_ament_install']
[0.127s] Level 1:colcon.colcon_core.package_identification:_identify(install) by extension 'ignore'
[0.127s] Level 1:colcon.colcon_core.package_identification:_identify(install) ignored
[0.127s] Level 1:colcon.colcon_core.package_identification:_identify(log) by extensions ['ignore', 'ignore_ament_install']
[0.127s] Level 1:colcon.colcon_core.package_identification:_identify(log) by extension 'ignore'
[0.127s] Level 1:colcon.colcon_core.package_identification:_identify(log) ignored
[0.128s] Level 1:colcon.colcon_core.package_discovery:discover_packages(recursive) using defaults
[0.128s] Level 1:colcon.colcon_core.package_discovery:discover_packages(ignore) discover
[0.128s] Level 1:colcon.colcon_core.package_discovery:discover_packages(ignore) using defaults
[0.128s] Level 1:colcon.colcon_core.package_discovery:discover_packages(path) discover
[0.128s] Level 1:colcon.colcon_core.package_discovery:discover_packages(path) using defaults
[0.141s] Level 5:colcon.colcon_core.verb:set package 'CarModelPublisher' build argument 'cmake_args' from command line to 'None'
[0.141s] Level 5:colcon.colcon_core.verb:set package 'CarModelPublisher' build argument 'cmake_target' from command line to 'None'
[0.141s] Level 5:colcon.colcon_core.verb:set package 'CarModelPublisher' build argument 'cmake_target_skip_unavailable' from command line to 'False'
[0.141s] Level 5:colcon.colcon_core.verb:set package 'CarModelPublisher' build argument 'cmake_clean_cache' from command line to 'False'
[0.141s] Level 5:colcon.colcon_core.verb:set package 'CarModelPublisher' build argument 'cmake_clean_first' from command line to 'False'
[0.141s] Level 5:colcon.colcon_core.verb:set package 'CarModelPublisher' build argument 'cmake_force_configure' from command line to 'False'
[0.141s] Level 5:colcon.colcon_core.verb:set package 'CarModelPublisher' build argument 'ament_cmake_args' from command line to 'None'
[0.141s] Level 5:colcon.colcon_core.verb:set package 'CarModelPublisher' build argument 'catkin_cmake_args' from command line to 'None'
[0.141s] Level 5:colcon.colcon_core.verb:set package 'CarModelPublisher' build argument 'catkin_skip_building_tests' from command line to 'False'
[0.141s] DEBUG:colcon.colcon_core.verb:Building package 'CarModelPublisher' with the following arguments: {'ament_cmake_args': None, 'build_base': '/home/admin/Project/ROS/Publisher/build/CarModelPublisher', 'catkin_cmake_args': None, 'catkin_skip_building_tests': False, 'cmake_args': None, 'cmake_clean_cache': False, 'cmake_clean_first': False, 'cmake_force_configure': False, 'cmake_target': None, 'cmake_target_skip_unavailable': False, 'install_base': '/home/admin/Project/ROS/Publisher/install/CarModelPublisher', 'merge_install': False, 'path': '/home/admin/Project/ROS/Publisher/CarModelPublisher', 'symlink_install': False, 'test_result_base': None}
[0.141s] INFO:colcon.colcon_core.executor:Executing jobs using 'parallel' executor
[0.142s] DEBUG:colcon.colcon_parallel_executor.executor.parallel:run_until_complete
[0.142s] INFO:colcon.colcon_ros.task.ament_python.build:Building ROS package in '/home/admin/Project/ROS/Publisher/CarModelPublisher' with build type 'ament_python'
[0.142s] Level 1:colcon.colcon_core.shell:create_environment_hook('CarModelPublisher', 'ament_prefix_path')
[0.143s] INFO:colcon.colcon_core.plugin_system:Skipping extension 'colcon_core.shell.bat': Not used on non-Windows systems
[0.143s] INFO:colcon.colcon_core.shell:Creating environment descriptor '/home/admin/Project/ROS/Publisher/install/CarModelPublisher/share/CarModelPublisher/hook/ament_prefix_path.dsv'
[0.144s] INFO:colcon.colcon_core.shell:Creating environment hook '/home/admin/Project/ROS/Publisher/install/CarModelPublisher/share/CarModelPublisher/hook/ament_prefix_path.sh'
[0.144s] DEBUG:colcon.colcon_core.shell:Skip shell extension 'dsv' for command environment
[0.145s] WARNING:colcon.colcon_ros.prefix_path.ament:The path '/home/admin/Project/ROS/Publisher/install/PointCloudPublisher' in the environment variable AMENT_PREFIX_PATH doesn't exist
[0.145s] WARNING:colcon.colcon_ros.prefix_path.ament:The path '/home/admin/Project/ROS/Publisher/install/ImagePublisher' in the environment variable AMENT_PREFIX_PATH doesn't exist
[0.283s] INFO:colcon.colcon_core.task.python.build:Building Python package in '/home/admin/Project/ROS/Publisher/CarModelPublisher'
[0.284s] DEBUG:colcon.colcon_core.shell:Skip shell extension 'dsv' for command environment
[0.570s] DEBUG:colcon.colcon_core.event_handler.log_command:Invoking command in '/home/admin/Project/ROS/Publisher/CarModelPublisher': CONDA_PROMPT_MODIFIER=(base) PYTHONPATH=/home/admin/Project/ROS/Publisher/build/CarModelPublisher/prefix_override:/usr/lib/python3/dist-packages/colcon_core/task/python/colcon_distutils_commands:/home/admin/Project/ROS/Publisher/install/CarModelPublisher/lib/python3.12/site-packages:${PYTHONPATH} /usr/bin/python3 -W ignore:setup.py install is deprecated -W ignore:easy_install command is deprecated setup.py egg_info --egg-base ../build/CarModelPublisher build --build-base /home/admin/Project/ROS/Publisher/build/CarModelPublisher/build install --record /home/admin/Project/ROS/Publisher/build/CarModelPublisher/install.log --single-version-externally-managed install_data
[0.858s] DEBUG:colcon.colcon_core.event_handler.log_command:Invoked command in '/home/admin/Project/ROS/Publisher/CarModelPublisher' returned '0': CONDA_PROMPT_MODIFIER=(base) PYTHONPATH=/home/admin/Project/ROS/Publisher/build/CarModelPublisher/prefix_override:/usr/lib/python3/dist-packages/colcon_core/task/python/colcon_distutils_commands:/home/admin/Project/ROS/Publisher/install/CarModelPublisher/lib/python3.12/site-packages:${PYTHONPATH} /usr/bin/python3 -W ignore:setup.py install is deprecated -W ignore:easy_install command is deprecated setup.py egg_info --egg-base ../build/CarModelPublisher build --build-base /home/admin/Project/ROS/Publisher/build/CarModelPublisher/build install --record /home/admin/Project/ROS/Publisher/build/CarModelPublisher/install.log --single-version-externally-managed install_data
[0.859s] Level 1:colcon.colcon_core.environment:checking '/home/admin/Project/ROS/Publisher/install/CarModelPublisher' for CMake module files
[0.860s] Level 1:colcon.colcon_core.environment:checking '/home/admin/Project/ROS/Publisher/install/CarModelPublisher' for CMake config files
[0.860s] Level 1:colcon.colcon_core.environment:checking '/home/admin/Project/ROS/Publisher/install/CarModelPublisher/lib'
[0.860s] Level 1:colcon.colcon_core.environment:checking '/home/admin/Project/ROS/Publisher/install/CarModelPublisher/bin'
[0.860s] Level 1:colcon.colcon_core.environment:checking '/home/admin/Project/ROS/Publisher/install/CarModelPublisher/lib/pkgconfig/CarModelPublisher.pc'
[0.860s] Level 1:colcon.colcon_core.environment:checking '/home/admin/Project/ROS/Publisher/install/CarModelPublisher/lib/python3.12/site-packages'
[0.860s] Level 1:colcon.colcon_core.shell:create_environment_hook('CarModelPublisher', 'pythonpath')
[0.861s] INFO:colcon.colcon_core.shell:Creating environment descriptor '/home/admin/Project/ROS/Publisher/install/CarModelPublisher/share/CarModelPublisher/hook/pythonpath.dsv'
[0.861s] INFO:colcon.colcon_core.shell:Creating environment hook '/home/admin/Project/ROS/Publisher/install/CarModelPublisher/share/CarModelPublisher/hook/pythonpath.sh'
[0.861s] Level 1:colcon.colcon_core.environment:checking '/home/admin/Project/ROS/Publisher/install/CarModelPublisher/bin'
[0.861s] Level 1:colcon.colcon_core.environment:create_environment_scripts_only(CarModelPublisher)
[0.861s] INFO:colcon.colcon_core.shell:Creating package descriptor '/home/admin/Project/ROS/Publisher/install/CarModelPublisher/share/CarModelPublisher/package.dsv'
[0.862s] INFO:colcon.colcon_core.shell:Creating package script '/home/admin/Project/ROS/Publisher/install/CarModelPublisher/share/CarModelPublisher/package.sh'
[0.862s] INFO:colcon.colcon_core.shell:Creating package script '/home/admin/Project/ROS/Publisher/install/CarModelPublisher/share/CarModelPublisher/package.bash'
[0.862s] INFO:colcon.colcon_core.shell:Creating package script '/home/admin/Project/ROS/Publisher/install/CarModelPublisher/share/CarModelPublisher/package.zsh'
[0.863s] Level 1:colcon.colcon_core.environment:create_file_with_runtime_dependencies(/home/admin/Project/ROS/Publisher/install/CarModelPublisher/share/colcon-core/packages/CarModelPublisher)
[0.863s] DEBUG:colcon.colcon_parallel_executor.executor.parallel:closing loop
[0.863s] DEBUG:colcon.colcon_parallel_executor.executor.parallel:loop closed
[0.863s] DEBUG:colcon.colcon_parallel_executor.executor.parallel:run_until_complete finished with '0'
[0.863s] DEBUG:colcon.colcon_core.event_reactor:joining thread
[0.867s] INFO:colcon.colcon_core.plugin_system:Skipping extension 'colcon_notification.desktop_notification.notify_send': Could not find 'notify-send'
[0.867s] INFO:colcon.colcon_core.plugin_system:Skipping extension 'colcon_notification.desktop_notification.terminal_notifier': Not used on non-Darwin systems
[0.867s] INFO:colcon.colcon_core.plugin_system:Skipping extension 'colcon_notification.desktop_notification.win32': Not used on non-Windows systems
[0.867s] INFO:colcon.colcon_notification.desktop_notification:Sending desktop notification using 'notify2'
[0.879s] DEBUG:colcon.colcon_core.event_reactor:joined thread
[0.879s] INFO:colcon.colcon_core.shell:Creating prefix script '/home/admin/Project/ROS/Publisher/install/local_setup.sh'
[0.880s] INFO:colcon.colcon_core.shell:Creating prefix util module '/home/admin/Project/ROS/Publisher/install/_local_setup_util_sh.py'
[0.881s] INFO:colcon.colcon_core.shell:Creating prefix chain script '/home/admin/Project/ROS/Publisher/install/setup.sh'
[0.881s] INFO:colcon.colcon_core.shell:Creating prefix script '/home/admin/Project/ROS/Publisher/install/local_setup.bash'
[0.882s] INFO:colcon.colcon_core.shell:Creating prefix chain script '/home/admin/Project/ROS/Publisher/install/setup.bash'
[0.882s] INFO:colcon.colcon_core.shell:Creating prefix script '/home/admin/Project/ROS/Publisher/install/local_setup.zsh'
[0.882s] INFO:colcon.colcon_core.shell:Creating prefix chain script '/home/admin/Project/ROS/Publisher/install/setup.zsh'
