[0.442s] Invoking command in '/home/admin/Project/ROS/Publisher/CarModelPublisher': CONDA_PROMPT_MODIFIER=(base) PYTHONPATH=/home/admin/Project/ROS/Publisher/build/CarModelPublisher/prefix_override:/usr/lib/python3/dist-packages/colcon_core/task/python/colcon_distutils_commands:/home/admin/Project/ROS/Publisher/install/CarModelPublisher/lib/python3.12/site-packages:${PYTHONPATH} /usr/bin/python3 -W ignore:setup.py install is deprecated -W ignore:easy_install command is deprecated setup.py egg_info --egg-base ../build/CarModelPublisher build --build-base /home/admin/Project/ROS/Publisher/build/CarModelPublisher/build install --record /home/admin/Project/ROS/Publisher/build/CarModelPublisher/install.log --single-version-externally-managed install_data
[0.573s] running egg_info
[0.581s] writing ../build/CarModelPublisher/CarModelPublisher.egg-info/PKG-INFO
[0.581s] writing dependency_links to ../build/CarModelPublisher/CarModelPublisher.egg-info/dependency_links.txt
[0.581s] writing entry points to ../build/CarModelPublisher/CarModelPublisher.egg-info/entry_points.txt
[0.581s] writing requirements to ../build/CarModelPublisher/CarModelPublisher.egg-info/requires.txt
[0.581s] writing top-level names to ../build/CarModelPublisher/CarModelPublisher.egg-info/top_level.txt
[0.597s] reading manifest file '../build/CarModelPublisher/CarModelPublisher.egg-info/SOURCES.txt'
[0.598s] writing manifest file '../build/CarModelPublisher/CarModelPublisher.egg-info/SOURCES.txt'
[0.598s] running build
[0.598s] running build_py
[0.598s] copying CarModelPublisher/CarModelPublisher.py -> /home/admin/Project/ROS/Publisher/build/CarModelPublisher/build/lib/CarModelPublisher
[0.598s] running install
[0.601s] running install_lib
[0.610s] copying /home/admin/Project/ROS/Publisher/build/CarModelPublisher/build/lib/CarModelPublisher/CarModelPublisher.py -> /home/admin/Project/ROS/Publisher/install/CarModelPublisher/lib/python3.12/site-packages/CarModelPublisher
[0.610s] byte-compiling /home/admin/Project/ROS/Publisher/install/CarModelPublisher/lib/python3.12/site-packages/CarModelPublisher/CarModelPublisher.py to CarModelPublisher.cpython-312.pyc
[0.614s] running install_data
[0.615s] running install_egg_info
[0.623s] removing '/home/admin/Project/ROS/Publisher/install/CarModelPublisher/lib/python3.12/site-packages/CarModelPublisher-0.0.0-py3.12.egg-info' (and everything under it)
[0.624s] Copying ../build/CarModelPublisher/CarModelPublisher.egg-info to /home/admin/Project/ROS/Publisher/install/CarModelPublisher/lib/python3.12/site-packages/CarModelPublisher-0.0.0-py3.12.egg-info
[0.624s] running install_scripts
[0.690s] Installing CarModelPublisher script to /home/admin/Project/ROS/Publisher/install/CarModelPublisher/lib/CarModelPublisher
[0.690s] writing list of installed files to '/home/admin/Project/ROS/Publisher/build/CarModelPublisher/install.log'
[0.710s] Invoked command in '/home/admin/Project/ROS/Publisher/CarModelPublisher' returned '0': CONDA_PROMPT_MODIFIER=(base) PYTHONPATH=/home/admin/Project/ROS/Publisher/build/CarModelPublisher/prefix_override:/usr/lib/python3/dist-packages/colcon_core/task/python/colcon_distutils_commands:/home/admin/Project/ROS/Publisher/install/CarModelPublisher/lib/python3.12/site-packages:${PYTHONPATH} /usr/bin/python3 -W ignore:setup.py install is deprecated -W ignore:easy_install command is deprecated setup.py egg_info --egg-base ../build/CarModelPublisher build --build-base /home/admin/Project/ROS/Publisher/build/CarModelPublisher/build install --record /home/admin/Project/ROS/Publisher/build/CarModelPublisher/install.log --single-version-externally-managed install_data
