running egg_info
creating ../build/CarModelPublisher/CarModelPublisher.egg-info
writing ../build/CarModelPublisher/CarModelPublisher.egg-info/PKG-INFO
writing dependency_links to ../build/CarModelPublisher/CarModelPublisher.egg-info/dependency_links.txt
writing entry points to ../build/CarModelPublisher/CarModelPublisher.egg-info/entry_points.txt
writing requirements to ../build/CarModelPublisher/CarModelPublisher.egg-info/requires.txt
writing top-level names to ../build/CarModelPublisher/CarModelPublisher.egg-info/top_level.txt
writing manifest file '../build/CarModelPublisher/CarModelPublisher.egg-info/SOURCES.txt'
reading manifest file '../build/CarModelPublisher/CarModelPublisher.egg-info/SOURCES.txt'
writing manifest file '../build/CarModelPublisher/CarModelPublisher.egg-info/SOURCES.txt'
running build
running build_py
creating /home/admin/Project/ROS/Publisher/build/CarModelPublisher/build
creating /home/admin/Project/ROS/Publisher/build/CarModelPublisher/build/lib
creating /home/admin/Project/ROS/Publisher/build/CarModelPublisher/build/lib/CarModelPublisher
copying CarModelPublisher/__init__.py -> /home/admin/Project/ROS/Publisher/build/CarModelPublisher/build/lib/CarModelPublisher
copying CarModelPublisher/CarModelPublisher.py -> /home/admin/Project/ROS/Publisher/build/CarModelPublisher/build/lib/CarModelPublisher
running install
running install_lib
creating /home/admin/Project/ROS/Publisher/install/CarModelPublisher/lib/python3.12/site-packages/CarModelPublisher
copying /home/admin/Project/ROS/Publisher/build/CarModelPublisher/build/lib/CarModelPublisher/__init__.py -> /home/admin/Project/ROS/Publisher/install/CarModelPublisher/lib/python3.12/site-packages/CarModelPublisher
copying /home/admin/Project/ROS/Publisher/build/CarModelPublisher/build/lib/CarModelPublisher/CarModelPublisher.py -> /home/admin/Project/ROS/Publisher/install/CarModelPublisher/lib/python3.12/site-packages/CarModelPublisher
byte-compiling /home/admin/Project/ROS/Publisher/install/CarModelPublisher/lib/python3.12/site-packages/CarModelPublisher/__init__.py to __init__.cpython-312.pyc
byte-compiling /home/admin/Project/ROS/Publisher/install/CarModelPublisher/lib/python3.12/site-packages/CarModelPublisher/CarModelPublisher.py to CarModelPublisher.cpython-312.pyc
running install_data
creating /home/admin/Project/ROS/Publisher/install/CarModelPublisher/share/ament_index
creating /home/admin/Project/ROS/Publisher/install/CarModelPublisher/share/ament_index/resource_index
creating /home/admin/Project/ROS/Publisher/install/CarModelPublisher/share/ament_index/resource_index/packages
copying resource/CarModelPublisher -> /home/admin/Project/ROS/Publisher/install/CarModelPublisher/share/ament_index/resource_index/packages
copying package.xml -> /home/admin/Project/ROS/Publisher/install/CarModelPublisher/share/CarModelPublisher
creating /home/admin/Project/ROS/Publisher/install/CarModelPublisher/share/CarModelPublisher/CarModel
copying CarModel/A.stl -> /home/admin/Project/ROS/Publisher/install/CarModelPublisher/share/CarModelPublisher/CarModel
copying CarModel/DeLorean.STL -> /home/admin/Project/ROS/Publisher/install/CarModelPublisher/share/CarModelPublisher/CarModel
running install_egg_info
Copying ../build/CarModelPublisher/CarModelPublisher.egg-info to /home/admin/Project/ROS/Publisher/install/CarModelPublisher/lib/python3.12/site-packages/CarModelPublisher-0.0.0-py3.12.egg-info
running install_scripts
Installing CarModelPublisher script to /home/admin/Project/ROS/Publisher/install/CarModelPublisher/lib/CarModelPublisher
writing list of installed files to '/home/admin/Project/ROS/Publisher/build/CarModelPublisher/install.log'
