[0.428s] Invoking command in '/home/admin/Project/ROS/Publisher/CarModelPublisher': CONDA_PROMPT_MODIFIER=(base) PYTHONPATH=/home/admin/Project/ROS/Publisher/build/CarModelPublisher/prefix_override:/usr/lib/python3/dist-packages/colcon_core/task/python/colcon_distutils_commands:/home/admin/Project/ROS/Publisher/install/CarModelPublisher/lib/python3.12/site-packages:${PYTHONPATH} /usr/bin/python3 -W ignore:setup.py install is deprecated -W ignore:easy_install command is deprecated setup.py egg_info --egg-base ../build/CarModelPublisher build --build-base /home/admin/Project/ROS/Publisher/build/CarModelPublisher/build install --record /home/admin/Project/ROS/Publisher/build/CarModelPublisher/install.log --single-version-externally-managed install_data
[0.558s] running egg_info
[0.558s] creating ../build/CarModelPublisher/CarModelPublisher.egg-info
[0.565s] writing ../build/CarModelPublisher/CarModelPublisher.egg-info/PKG-INFO
[0.565s] writing dependency_links to ../build/CarModelPublisher/CarModelPublisher.egg-info/dependency_links.txt
[0.565s] writing entry points to ../build/CarModelPublisher/CarModelPublisher.egg-info/entry_points.txt
[0.565s] writing requirements to ../build/CarModelPublisher/CarModelPublisher.egg-info/requires.txt
[0.565s] writing top-level names to ../build/CarModelPublisher/CarModelPublisher.egg-info/top_level.txt
[0.565s] writing manifest file '../build/CarModelPublisher/CarModelPublisher.egg-info/SOURCES.txt'
[0.580s] reading manifest file '../build/CarModelPublisher/CarModelPublisher.egg-info/SOURCES.txt'
[0.580s] writing manifest file '../build/CarModelPublisher/CarModelPublisher.egg-info/SOURCES.txt'
[0.580s] running build
[0.580s] running build_py
[0.580s] creating /home/admin/Project/ROS/Publisher/build/CarModelPublisher/build
[0.580s] creating /home/admin/Project/ROS/Publisher/build/CarModelPublisher/build/lib
[0.580s] creating /home/admin/Project/ROS/Publisher/build/CarModelPublisher/build/lib/CarModelPublisher
[0.581s] copying CarModelPublisher/__init__.py -> /home/admin/Project/ROS/Publisher/build/CarModelPublisher/build/lib/CarModelPublisher
[0.581s] copying CarModelPublisher/CarModelPublisher.py -> /home/admin/Project/ROS/Publisher/build/CarModelPublisher/build/lib/CarModelPublisher
[0.581s] running install
[0.584s] running install_lib
[0.592s] creating /home/admin/Project/ROS/Publisher/install/CarModelPublisher/lib/python3.12/site-packages/CarModelPublisher
[0.592s] copying /home/admin/Project/ROS/Publisher/build/CarModelPublisher/build/lib/CarModelPublisher/__init__.py -> /home/admin/Project/ROS/Publisher/install/CarModelPublisher/lib/python3.12/site-packages/CarModelPublisher
[0.592s] copying /home/admin/Project/ROS/Publisher/build/CarModelPublisher/build/lib/CarModelPublisher/CarModelPublisher.py -> /home/admin/Project/ROS/Publisher/install/CarModelPublisher/lib/python3.12/site-packages/CarModelPublisher
[0.592s] byte-compiling /home/admin/Project/ROS/Publisher/install/CarModelPublisher/lib/python3.12/site-packages/CarModelPublisher/__init__.py to __init__.cpython-312.pyc
[0.592s] byte-compiling /home/admin/Project/ROS/Publisher/install/CarModelPublisher/lib/python3.12/site-packages/CarModelPublisher/CarModelPublisher.py to CarModelPublisher.cpython-312.pyc
[0.596s] running install_data
[0.596s] creating /home/admin/Project/ROS/Publisher/install/CarModelPublisher/share/ament_index
[0.596s] creating /home/admin/Project/ROS/Publisher/install/CarModelPublisher/share/ament_index/resource_index
[0.596s] creating /home/admin/Project/ROS/Publisher/install/CarModelPublisher/share/ament_index/resource_index/packages
[0.596s] copying resource/CarModelPublisher -> /home/admin/Project/ROS/Publisher/install/CarModelPublisher/share/ament_index/resource_index/packages
[0.596s] copying package.xml -> /home/admin/Project/ROS/Publisher/install/CarModelPublisher/share/CarModelPublisher
[0.596s] creating /home/admin/Project/ROS/Publisher/install/CarModelPublisher/share/CarModelPublisher/CarModel
[0.597s] copying CarModel/A.stl -> /home/admin/Project/ROS/Publisher/install/CarModelPublisher/share/CarModelPublisher/CarModel
[0.615s] copying CarModel/DeLorean.STL -> /home/admin/Project/ROS/Publisher/install/CarModelPublisher/share/CarModelPublisher/CarModel
[0.627s] running install_egg_info
[0.636s] Copying ../build/CarModelPublisher/CarModelPublisher.egg-info to /home/admin/Project/ROS/Publisher/install/CarModelPublisher/lib/python3.12/site-packages/CarModelPublisher-0.0.0-py3.12.egg-info
[0.637s] running install_scripts
[0.700s] Installing CarModelPublisher script to /home/admin/Project/ROS/Publisher/install/CarModelPublisher/lib/CarModelPublisher
[0.701s] writing list of installed files to '/home/admin/Project/ROS/Publisher/build/CarModelPublisher/install.log'
[0.716s] Invoked command in '/home/admin/Project/ROS/Publisher/CarModelPublisher' returned '0': CONDA_PROMPT_MODIFIER=(base) PYTHONPATH=/home/admin/Project/ROS/Publisher/build/CarModelPublisher/prefix_override:/usr/lib/python3/dist-packages/colcon_core/task/python/colcon_distutils_commands:/home/admin/Project/ROS/Publisher/install/CarModelPublisher/lib/python3.12/site-packages:${PYTHONPATH} /usr/bin/python3 -W ignore:setup.py install is deprecated -W ignore:easy_install command is deprecated setup.py egg_info --egg-base ../build/CarModelPublisher build --build-base /home/admin/Project/ROS/Publisher/build/CarModelPublisher/build install --record /home/admin/Project/ROS/Publisher/build/CarModelPublisher/install.log --single-version-externally-managed install_data
